{"contracts\\NftAuctionMarket.sol":{"l":{"60":1,"71":3,"73":2,"75":2,"93":5,"94":4,"97":3,"100":3,"113":3,"114":3,"115":3,"125":7,"127":7,"134":5,"136":5,"138":2,"139":2,"141":5,"143":5,"146":5,"149":5,"155":4,"156":2,"160":4,"161":2,"162":1,"165":1,"172":4,"173":4,"174":4,"178":4,"182":3,"190":3,"192":3,"199":2,"205":2,"206":1,"208":1,"214":2,"216":2,"223":3,"232":15,"234":15,"241":15,"249":4,"256":1},"path":"D:\\workspace\\NftAutionMarket\\contracts\\NftAuctionMarket.sol","s":{"1":1,"2":3,"3":2,"4":5,"5":4,"6":3,"7":3,"8":3,"9":7,"10":7,"11":5,"12":5,"13":5,"14":5,"15":5,"16":4,"17":2,"18":4,"19":2,"20":1,"21":1,"22":4,"23":3,"24":3,"25":2,"26":2,"27":1,"28":1,"29":2,"30":3,"31":15,"32":15,"33":15,"34":4,"35":1},"b":{"1":[1,1],"2":[3,1],"3":[2,1],"4":[1,0],"5":[4,1],"6":[3,1],"7":[5,2],"8":[2,3],"9":[4,1],"10":[2,2],"11":[2,2],"12":[1,1],"13":[3,1],"14":[3,1],"15":[2,1],"16":[1,1]},"f":{"1":1,"2":3,"3":1,"4":5,"5":7,"6":4,"7":3,"8":3,"9":15,"10":4,"11":1},"fnMap":{"1":{"name":"initialize","line":59,"loc":{"start":{"line":59,"column":4},"end":{"line":61,"column":4}}},"2":{"name":"setPriceFeed","line":69,"loc":{"start":{"line":69,"column":4},"end":{"line":76,"column":4}}},"3":{"name":"_authorizeUpgrade","line":79,"loc":{"start":{"line":79,"column":4},"end":{"line":79,"column":69}}},"4":{"name":"createAuction","line":88,"loc":{"start":{"line":88,"column":4},"end":{"line":116,"column":4}}},"5":{"name":"placeBid","line":124,"loc":{"start":{"line":124,"column":4},"end":{"line":175,"column":4}}},"6":{"name":"auctionOwnerOnly","line":177,"loc":{"start":{"line":177,"column":4},"end":{"line":183,"column":4}}},"7":{"name":"endAuction","line":189,"loc":{"start":{"line":189,"column":4},"end":{"line":217,"column":4}}},"8":{"name":"onERC721Received","line":222,"loc":{"start":{"line":222,"column":4},"end":{"line":224,"column":4}}},"9":{"name":"getChainlinkDataFeedLatestAnswer","line":231,"loc":{"start":{"line":231,"column":4},"end":{"line":242,"column":4}}},"10":{"name":"getAuction","line":248,"loc":{"start":{"line":248,"column":4},"end":{"line":250,"column":4}}},"11":{"name":"getAuctionIds","line":255,"loc":{"start":{"line":255,"column":4},"end":{"line":257,"column":4}}}},"statementMap":{"1":{"start":{"line":60,"column":6},"end":{"line":60,"column":31}},"2":{"start":{"line":71,"column":8},"end":{"line":71,"column":64}},"3":{"start":{"line":75,"column":8},"end":{"line":75,"column":55}},"4":{"start":{"line":93,"column":8},"end":{"line":93,"column":67}},"5":{"start":{"line":94,"column":8},"end":{"line":94,"column":68}},"6":{"start":{"line":97,"column":8},"end":{"line":97,"column":80}},"7":{"start":{"line":113,"column":8},"end":{"line":113,"column":42}},"8":{"start":{"line":114,"column":8},"end":{"line":114,"column":76}},"9":{"start":{"line":125,"column":8},"end":{"line":125,"column":54}},"10":{"start":{"line":127,"column":8},"end":{"line":127,"column":4312}},"11":{"start":{"line":134,"column":8},"end":{"line":134,"column":24}},"12":{"start":{"line":136,"column":8},"end":{"line":136,"column":4532}},"13":{"start":{"line":143,"column":8},"end":{"line":143,"column":4840}},"14":{"start":{"line":146,"column":8},"end":{"line":146,"column":4972}},"15":{"start":{"line":149,"column":8},"end":{"line":149,"column":5041}},"16":{"start":{"line":155,"column":8},"end":{"line":155,"column":5231}},"17":{"start":{"line":156,"column":12},"end":{"line":156,"column":84}},"18":{"start":{"line":160,"column":8},"end":{"line":160,"column":5394}},"19":{"start":{"line":161,"column":12},"end":{"line":161,"column":5441}},"20":{"start":{"line":162,"column":16},"end":{"line":162,"column":74}},"21":{"start":{"line":165,"column":16},"end":{"line":165,"column":5635}},"22":{"start":{"line":178,"column":8},"end":{"line":178,"column":6002}},"23":{"start":{"line":190,"column":8},"end":{"line":190,"column":54}},"24":{"start":{"line":192,"column":8},"end":{"line":192,"column":6414}},"25":{"start":{"line":199,"column":8},"end":{"line":199,"column":6614}},"26":{"start":{"line":205,"column":8},"end":{"line":205,"column":6792}},"27":{"start":{"line":206,"column":12},"end":{"line":206,"column":63}},"28":{"start":{"line":208,"column":12},"end":{"line":208,"column":6936}},"29":{"start":{"line":216,"column":8},"end":{"line":216,"column":87}},"30":{"start":{"line":223,"column":8},"end":{"line":223,"column":45}},"31":{"start":{"line":232,"column":8},"end":{"line":232,"column":67}},"32":{"start":{"line":234,"column":8},"end":{"line":234,"column":7836}},"33":{"start":{"line":241,"column":8},"end":{"line":241,"column":21}},"34":{"start":{"line":249,"column":8},"end":{"line":249,"column":35}},"35":{"start":{"line":256,"column":8},"end":{"line":256,"column":29}}},"branchMap":{"1":{"line":59,"type":"if","locations":[{"start":{"line":59,"column":26},"end":{"line":59,"column":26}},{"start":{"line":59,"column":26},"end":{"line":59,"column":26}}]},"2":{"line":69,"type":"if","locations":[{"start":{"line":69,"column":75},"end":{"line":69,"column":75}},{"start":{"line":69,"column":75},"end":{"line":69,"column":75}}]},"3":{"line":71,"type":"if","locations":[{"start":{"line":71,"column":8},"end":{"line":71,"column":8}},{"start":{"line":71,"column":8},"end":{"line":71,"column":8}}]},"4":{"line":79,"type":"if","locations":[{"start":{"line":79,"column":58},"end":{"line":79,"column":58}},{"start":{"line":79,"column":58},"end":{"line":79,"column":58}}]},"5":{"line":93,"type":"if","locations":[{"start":{"line":93,"column":8},"end":{"line":93,"column":8}},{"start":{"line":93,"column":8},"end":{"line":93,"column":8}}]},"6":{"line":94,"type":"if","locations":[{"start":{"line":94,"column":8},"end":{"line":94,"column":8}},{"start":{"line":94,"column":8},"end":{"line":94,"column":8}}]},"7":{"line":127,"type":"if","locations":[{"start":{"line":127,"column":8},"end":{"line":127,"column":8}},{"start":{"line":127,"column":8},"end":{"line":127,"column":8}}]},"8":{"line":136,"type":"if","locations":[{"start":{"line":136,"column":8},"end":{"line":136,"column":8}},{"start":{"line":136,"column":8},"end":{"line":136,"column":8}}]},"9":{"line":149,"type":"if","locations":[{"start":{"line":149,"column":8},"end":{"line":149,"column":8}},{"start":{"line":149,"column":8},"end":{"line":149,"column":8}}]},"10":{"line":155,"type":"if","locations":[{"start":{"line":155,"column":8},"end":{"line":155,"column":8}},{"start":{"line":155,"column":8},"end":{"line":155,"column":8}}]},"11":{"line":160,"type":"if","locations":[{"start":{"line":160,"column":8},"end":{"line":160,"column":8}},{"start":{"line":160,"column":8},"end":{"line":160,"column":8}}]},"12":{"line":161,"type":"if","locations":[{"start":{"line":161,"column":12},"end":{"line":161,"column":12}},{"start":{"line":161,"column":12},"end":{"line":161,"column":12}}]},"13":{"line":178,"type":"if","locations":[{"start":{"line":178,"column":8},"end":{"line":178,"column":8}},{"start":{"line":178,"column":8},"end":{"line":178,"column":8}}]},"14":{"line":189,"type":"if","locations":[{"start":{"line":189,"column":52},"end":{"line":189,"column":52}},{"start":{"line":189,"column":52},"end":{"line":189,"column":52}}]},"15":{"line":192,"type":"if","locations":[{"start":{"line":192,"column":8},"end":{"line":192,"column":8}},{"start":{"line":192,"column":8},"end":{"line":192,"column":8}}]},"16":{"line":205,"type":"if","locations":[{"start":{"line":205,"column":8},"end":{"line":205,"column":8}},{"start":{"line":205,"column":8},"end":{"line":205,"column":8}}]}}},"contracts\\NftAuctionMarketV2.sol":{"l":{"8":1},"path":"D:\\workspace\\NftAutionMarket\\contracts\\NftAuctionMarketV2.sol","s":{"1":1},"b":{},"f":{"1":1},"fnMap":{"1":{"name":"testHello","line":7,"loc":{"start":{"line":7,"column":4},"end":{"line":9,"column":4}}}},"statementMap":{"1":{"start":{"line":8,"column":8},"end":{"line":8,"column":30}}},"branchMap":{}},"contracts\\test\\Lock.sol":{"l":{"14":11,"19":10,"20":10,"27":14,"28":10,"30":6,"32":6},"path":"D:\\workspace\\NftAutionMarket\\contracts\\test\\Lock.sol","s":{"1":11,"2":14,"3":10,"4":6,"5":6},"b":{"1":[10,1],"2":[10,4],"3":[6,4]},"f":{"1":11,"2":14},"fnMap":{"1":{"name":"constructor","line":13,"loc":{"start":{"line":13,"column":4},"end":{"line":21,"column":4}}},"2":{"name":"withdraw","line":23,"loc":{"start":{"line":23,"column":4},"end":{"line":33,"column":4}}}},"statementMap":{"1":{"start":{"line":14,"column":8},"end":{"line":14,"column":328}},"2":{"start":{"line":27,"column":8},"end":{"line":27,"column":71}},"3":{"start":{"line":28,"column":8},"end":{"line":28,"column":59}},"4":{"start":{"line":30,"column":8},"end":{"line":30,"column":63}},"5":{"start":{"line":32,"column":8},"end":{"line":32,"column":44}}},"branchMap":{"1":{"line":14,"type":"if","locations":[{"start":{"line":14,"column":8},"end":{"line":14,"column":8}},{"start":{"line":14,"column":8},"end":{"line":14,"column":8}}]},"2":{"line":27,"type":"if","locations":[{"start":{"line":27,"column":8},"end":{"line":27,"column":8}},{"start":{"line":27,"column":8},"end":{"line":27,"column":8}}]},"3":{"line":28,"type":"if","locations":[{"start":{"line":28,"column":8},"end":{"line":28,"column":8}},{"start":{"line":28,"column":8},"end":{"line":28,"column":8}}]}}},"contracts\\test\\MockV3Aggregator.sol":{"l":{"11":2,"15":0,"19":0,"23":0,"27":0,"35":15,"39":0},"path":"D:\\workspace\\NftAutionMarket\\contracts\\test\\MockV3Aggregator.sol","s":{"1":0,"2":0,"3":0,"4":0,"5":15},"b":{},"f":{"1":2,"2":0,"3":0,"4":0,"5":0,"6":15,"7":0},"fnMap":{"1":{"name":"constructor","line":10,"loc":{"start":{"line":10,"column":4},"end":{"line":12,"column":4}}},"2":{"name":"decimals","line":14,"loc":{"start":{"line":14,"column":4},"end":{"line":16,"column":4}}},"3":{"name":"description","line":18,"loc":{"start":{"line":18,"column":4},"end":{"line":20,"column":4}}},"4":{"name":"version","line":22,"loc":{"start":{"line":22,"column":4},"end":{"line":24,"column":4}}},"5":{"name":"getRoundData","line":26,"loc":{"start":{"line":26,"column":4},"end":{"line":28,"column":4}}},"6":{"name":"latestRoundData","line":30,"loc":{"start":{"line":30,"column":4},"end":{"line":36,"column":4}}},"7":{"name":"setPrice","line":38,"loc":{"start":{"line":38,"column":4},"end":{"line":40,"column":4}}}},"statementMap":{"1":{"start":{"line":15,"column":8},"end":{"line":15,"column":17}},"2":{"start":{"line":19,"column":8},"end":{"line":19,"column":36}},"3":{"start":{"line":23,"column":8},"end":{"line":23,"column":16}},"4":{"start":{"line":27,"column":8},"end":{"line":27,"column":35}},"5":{"start":{"line":35,"column":8},"end":{"line":35,"column":35}}},"branchMap":{}},"contracts\\test\\MyERC20Token.sol":{"l":{"47":1,"54":0,"61":0,"68":0,"75":0,"82":2,"83":2,"92":2,"93":0,"95":2,"103":0,"115":2,"116":0,"118":2,"119":0,"121":2,"122":2,"134":2,"135":0,"137":2,"138":0,"140":2,"141":2,"142":2,"156":2,"157":2,"158":2,"159":0,"160":0,"166":0,"167":0,"168":0,"170":0,"171":0,"173":0,"177":2,"178":0,"180":2,"181":0,"183":2,"184":2,"196":2,"200":6,"202":2,"204":4,"205":4,"206":0,"208":4,"210":4,"214":6,"215":0,"217":0,"220":6,"222":6,"226":6},"path":"D:\\workspace\\NftAutionMarket\\contracts\\test\\MyERC20Token.sol","s":{"1":0,"2":0,"3":0,"4":0,"5":2,"6":2,"7":2,"8":0,"9":2,"10":2,"11":2,"12":2,"13":2,"14":2,"15":2,"16":2,"17":2,"18":2,"19":2,"20":0,"21":0,"22":0,"23":2,"24":2,"25":2,"26":2,"27":2,"28":6,"29":4,"30":4,"31":6,"32":6},"b":{"1":[2,0],"2":[2,0],"3":[0,2],"4":[0,2],"5":[0,2],"6":[0,2],"7":[0,2],"8":[0,2],"9":[0,0],"10":[0,0],"11":[0,0],"12":[0,2],"13":[0,2],"14":[2,4],"15":[0,4],"16":[0,6]},"f":{"1":1,"2":0,"3":0,"4":0,"5":0,"6":2,"7":2,"8":0,"9":2,"10":2,"11":2,"12":2,"13":6},"fnMap":{"1":{"name":"constructor","line":46,"loc":{"start":{"line":46,"column":4},"end":{"line":48,"column":4}}},"2":{"name":"name","line":53,"loc":{"start":{"line":53,"column":4},"end":{"line":55,"column":4}}},"3":{"name":"symbol","line":60,"loc":{"start":{"line":60,"column":4},"end":{"line":62,"column":4}}},"4":{"name":"totalSupply","line":67,"loc":{"start":{"line":67,"column":4},"end":{"line":69,"column":4}}},"5":{"name":"decimals","line":74,"loc":{"start":{"line":74,"column":4},"end":{"line":76,"column":4}}},"6":{"name":"onlyOwner","line":81,"loc":{"start":{"line":81,"column":4},"end":{"line":84,"column":4}}},"7":{"name":"mint","line":91,"loc":{"start":{"line":91,"column":4},"end":{"line":96,"column":4}}},"8":{"name":"balanceOf","line":102,"loc":{"start":{"line":102,"column":4},"end":{"line":104,"column":4}}},"9":{"name":"transfer","line":111,"loc":{"start":{"line":111,"column":4},"end":{"line":123,"column":4}}},"10":{"name":"approve","line":130,"loc":{"start":{"line":130,"column":4},"end":{"line":143,"column":4}}},"11":{"name":"transferFrom","line":151,"loc":{"start":{"line":151,"column":4},"end":{"line":185,"column":4}}},"12":{"name":"allowance","line":192,"loc":{"start":{"line":192,"column":4},"end":{"line":197,"column":4}}},"13":{"name":"_update","line":199,"loc":{"start":{"line":199,"column":4},"end":{"line":227,"column":4}}}},"statementMap":{"1":{"start":{"line":54,"column":8},"end":{"line":54,"column":20}},"2":{"start":{"line":61,"column":8},"end":{"line":61,"column":22}},"3":{"start":{"line":68,"column":8},"end":{"line":68,"column":27}},"4":{"start":{"line":75,"column":8},"end":{"line":75,"column":17}},"5":{"start":{"line":82,"column":8},"end":{"line":82,"column":81}},"6":{"start":{"line":92,"column":8},"end":{"line":92,"column":2218}},"7":{"start":{"line":95,"column":8},"end":{"line":95,"column":39}},"8":{"start":{"line":103,"column":8},"end":{"line":103,"column":32}},"9":{"start":{"line":115,"column":8},"end":{"line":115,"column":2740}},"10":{"start":{"line":118,"column":8},"end":{"line":118,"column":2844}},"11":{"start":{"line":121,"column":8},"end":{"line":121,"column":39}},"12":{"start":{"line":122,"column":8},"end":{"line":122,"column":19}},"13":{"start":{"line":134,"column":8},"end":{"line":134,"column":3245}},"14":{"start":{"line":137,"column":8},"end":{"line":137,"column":3351}},"15":{"start":{"line":141,"column":8},"end":{"line":141,"column":51}},"16":{"start":{"line":142,"column":8},"end":{"line":142,"column":19}},"17":{"start":{"line":156,"column":8},"end":{"line":156,"column":36}},"18":{"start":{"line":157,"column":8},"end":{"line":157,"column":60}},"19":{"start":{"line":158,"column":8},"end":{"line":158,"column":4028}},"20":{"start":{"line":159,"column":12},"end":{"line":159,"column":4089}},"21":{"start":{"line":167,"column":16},"end":{"line":167,"column":4352}},"22":{"start":{"line":170,"column":16},"end":{"line":170,"column":4477}},"23":{"start":{"line":177,"column":8},"end":{"line":177,"column":4689}},"24":{"start":{"line":180,"column":8},"end":{"line":180,"column":4788}},"25":{"start":{"line":183,"column":8},"end":{"line":183,"column":34}},"26":{"start":{"line":184,"column":8},"end":{"line":184,"column":19}},"27":{"start":{"line":196,"column":8},"end":{"line":196,"column":44}},"28":{"start":{"line":200,"column":8},"end":{"line":200,"column":5330}},"29":{"start":{"line":204,"column":12},"end":{"line":204,"column":49}},"30":{"start":{"line":205,"column":12},"end":{"line":205,"column":5582}},"31":{"start":{"line":214,"column":8},"end":{"line":214,"column":5894}},"32":{"start":{"line":226,"column":8},"end":{"line":226,"column":38}}},"branchMap":{"1":{"line":82,"type":"if","locations":[{"start":{"line":82,"column":8},"end":{"line":82,"column":8}},{"start":{"line":82,"column":8},"end":{"line":82,"column":8}}]},"2":{"line":91,"type":"if","locations":[{"start":{"line":91,"column":54},"end":{"line":91,"column":54}},{"start":{"line":91,"column":54},"end":{"line":91,"column":54}}]},"3":{"line":92,"type":"if","locations":[{"start":{"line":92,"column":8},"end":{"line":92,"column":8}},{"start":{"line":92,"column":8},"end":{"line":92,"column":8}}]},"4":{"line":115,"type":"if","locations":[{"start":{"line":115,"column":8},"end":{"line":115,"column":8}},{"start":{"line":115,"column":8},"end":{"line":115,"column":8}}]},"5":{"line":118,"type":"if","locations":[{"start":{"line":118,"column":8},"end":{"line":118,"column":8}},{"start":{"line":118,"column":8},"end":{"line":118,"column":8}}]},"6":{"line":134,"type":"if","locations":[{"start":{"line":134,"column":8},"end":{"line":134,"column":8}},{"start":{"line":134,"column":8},"end":{"line":134,"column":8}}]},"7":{"line":137,"type":"if","locations":[{"start":{"line":137,"column":8},"end":{"line":137,"column":8}},{"start":{"line":137,"column":8},"end":{"line":137,"column":8}}]},"8":{"line":158,"type":"if","locations":[{"start":{"line":158,"column":8},"end":{"line":158,"column":8}},{"start":{"line":158,"column":8},"end":{"line":158,"column":8}}]},"9":{"line":159,"type":"if","locations":[{"start":{"line":159,"column":12},"end":{"line":159,"column":12}},{"start":{"line":159,"column":12},"end":{"line":159,"column":12}}]},"10":{"line":167,"type":"if","locations":[{"start":{"line":167,"column":16},"end":{"line":167,"column":16}},{"start":{"line":167,"column":16},"end":{"line":167,"column":16}}]},"11":{"line":170,"type":"if","locations":[{"start":{"line":170,"column":16},"end":{"line":170,"column":16}},{"start":{"line":170,"column":16},"end":{"line":170,"column":16}}]},"12":{"line":177,"type":"if","locations":[{"start":{"line":177,"column":8},"end":{"line":177,"column":8}},{"start":{"line":177,"column":8},"end":{"line":177,"column":8}}]},"13":{"line":180,"type":"if","locations":[{"start":{"line":180,"column":8},"end":{"line":180,"column":8}},{"start":{"line":180,"column":8},"end":{"line":180,"column":8}}]},"14":{"line":200,"type":"if","locations":[{"start":{"line":200,"column":8},"end":{"line":200,"column":8}},{"start":{"line":200,"column":8},"end":{"line":200,"column":8}}]},"15":{"line":205,"type":"if","locations":[{"start":{"line":205,"column":12},"end":{"line":205,"column":12}},{"start":{"line":205,"column":12},"end":{"line":205,"column":12}}]},"16":{"line":214,"type":"if","locations":[{"start":{"line":214,"column":8},"end":{"line":214,"column":8}},{"start":{"line":214,"column":8},"end":{"line":214,"column":8}}]}}},"contracts\\test\\PetNFT.sol":{"l":{"13":20,"14":20,"15":20,"16":20},"path":"D:\\workspace\\NftAutionMarket\\contracts\\test\\PetNFT.sol","s":{"1":20,"2":20,"3":20,"4":20},"b":{},"f":{"1":2,"2":20},"fnMap":{"1":{"name":"constructor","line":10,"loc":{"start":{"line":10,"column":1},"end":{"line":10,"column":40}}},"2":{"name":"mintNFT","line":12,"loc":{"start":{"line":12,"column":4},"end":{"line":17,"column":4}}}},"statementMap":{"1":{"start":{"line":13,"column":8},"end":{"line":13,"column":42}},"2":{"start":{"line":14,"column":8},"end":{"line":14,"column":38}},"3":{"start":{"line":15,"column":8},"end":{"line":15,"column":40}},"4":{"start":{"line":16,"column":8},"end":{"line":16,"column":24}}},"branchMap":{}}}