TN:
SF:D:\workspace\NftAutionMarket\contracts\NftAuctionMarket.sol
FN:59,initialize
FN:69,setPriceFeed
FN:79,_authorizeUpgrade
FN:88,createAuction
FN:124,placeBid
FN:177,auctionOwnerOnly
FN:189,endAuction
FN:222,onERC721Received
FN:231,getChainlinkDataFeedLatestAnswer
FN:248,getAuction
FN:255,getAuctionIds
FNF:11
FNH:11
FNDA:1,initialize
FNDA:3,setPriceFeed
FNDA:1,_authorizeUpgrade
FNDA:5,createAuction
FNDA:7,placeBid
FNDA:4,auctionOwnerOnly
FNDA:3,endAuction
FNDA:3,onERC721Received
FNDA:15,getChainlinkDataFeedLatestAnswer
FNDA:4,getAuction
FNDA:1,getAuctionIds
DA:60,1
DA:71,3
DA:73,2
DA:75,2
DA:93,5
DA:94,4
DA:97,3
DA:100,3
DA:113,3
DA:114,3
DA:115,3
DA:125,7
DA:127,7
DA:134,5
DA:136,5
DA:138,2
DA:139,2
DA:141,5
DA:143,5
DA:146,5
DA:149,5
DA:155,4
DA:156,2
DA:160,4
DA:161,2
DA:162,1
DA:165,1
DA:172,4
DA:173,4
DA:174,4
DA:178,4
DA:182,3
DA:190,3
DA:192,3
DA:199,2
DA:205,2
DA:206,1
DA:208,1
DA:214,2
DA:216,2
DA:223,3
DA:232,15
DA:234,15
DA:241,15
DA:249,4
DA:256,1
LF:46
LH:46
BRDA:59,1,0,1
BRDA:59,1,1,1
BRDA:69,2,0,3
BRDA:69,2,1,1
BRDA:71,3,0,2
BRDA:71,3,1,1
BRDA:79,4,0,1
BRDA:79,4,1,0
BRDA:93,5,0,4
BRDA:93,5,1,1
BRDA:94,6,0,3
BRDA:94,6,1,1
BRDA:127,7,0,5
BRDA:127,7,1,2
BRDA:136,8,0,2
BRDA:136,8,1,3
BRDA:149,9,0,4
BRDA:149,9,1,1
BRDA:155,10,0,2
BRDA:155,10,1,2
BRDA:160,11,0,2
BRDA:160,11,1,2
BRDA:161,12,0,1
BRDA:161,12,1,1
BRDA:178,13,0,3
BRDA:178,13,1,1
BRDA:189,14,0,3
BRDA:189,14,1,1
BRDA:192,15,0,2
BRDA:192,15,1,1
BRDA:205,16,0,1
BRDA:205,16,1,1
BRF:32
BRH:31
end_of_record
TN:
SF:D:\workspace\NftAutionMarket\contracts\NftAuctionMarketV2.sol
FN:7,testHello
FNF:1
FNH:1
FNDA:1,testHello
DA:8,1
LF:1
LH:1
BRF:0
BRH:0
end_of_record
TN:
SF:D:\workspace\NftAutionMarket\contracts\test\Lock.sol
FN:13,constructor
FN:23,withdraw
FNF:2
FNH:2
FNDA:11,constructor
FNDA:14,withdraw
DA:14,11
DA:19,10
DA:20,10
DA:27,14
DA:28,10
DA:30,6
DA:32,6
LF:7
LH:7
BRDA:14,1,0,10
BRDA:14,1,1,1
BRDA:27,2,0,10
BRDA:27,2,1,4
BRDA:28,3,0,6
BRDA:28,3,1,4
BRF:6
BRH:6
end_of_record
TN:
SF:D:\workspace\NftAutionMarket\contracts\test\MockV3Aggregator.sol
FN:10,constructor
FN:14,decimals
FN:18,description
FN:22,version
FN:26,getRoundData
FN:30,latestRoundData
FN:38,setPrice
FNF:7
FNH:2
FNDA:2,constructor
FNDA:0,decimals
FNDA:0,description
FNDA:0,version
FNDA:0,getRoundData
FNDA:15,latestRoundData
FNDA:0,setPrice
DA:11,2
DA:15,0
DA:19,0
DA:23,0
DA:27,0
DA:35,15
DA:39,0
LF:7
LH:2
BRF:0
BRH:0
end_of_record
TN:
SF:D:\workspace\NftAutionMarket\contracts\test\MyERC20Token.sol
FN:46,constructor
FN:53,name
FN:60,symbol
FN:67,totalSupply
FN:74,decimals
FN:81,onlyOwner
FN:91,mint
FN:102,balanceOf
FN:111,transfer
FN:130,approve
FN:151,transferFrom
FN:192,allowance
FN:199,_update
FNF:13
FNH:8
FNDA:1,constructor
FNDA:0,name
FNDA:0,symbol
FNDA:0,totalSupply
FNDA:0,decimals
FNDA:2,onlyOwner
FNDA:2,mint
FNDA:0,balanceOf
FNDA:2,transfer
FNDA:2,approve
FNDA:2,transferFrom
FNDA:2,allowance
FNDA:6,_update
DA:47,1
DA:54,0
DA:61,0
DA:68,0
DA:75,0
DA:82,2
DA:83,2
DA:92,2
DA:93,0
DA:95,2
DA:103,0
DA:115,2
DA:116,0
DA:118,2
DA:119,0
DA:121,2
DA:122,2
DA:134,2
DA:135,0
DA:137,2
DA:138,0
DA:140,2
DA:141,2
DA:142,2
DA:156,2
DA:157,2
DA:158,2
DA:159,0
DA:160,0
DA:166,0
DA:167,0
DA:168,0
DA:170,0
DA:171,0
DA:173,0
DA:177,2
DA:178,0
DA:180,2
DA:181,0
DA:183,2
DA:184,2
DA:196,2
DA:200,6
DA:202,2
DA:204,4
DA:205,4
DA:206,0
DA:208,4
DA:210,4
DA:214,6
DA:215,0
DA:217,0
DA:220,6
DA:222,6
DA:226,6
LF:55
LH:32
BRDA:82,1,0,2
BRDA:82,1,1,0
BRDA:91,2,0,2
BRDA:91,2,1,0
BRDA:92,3,0,0
BRDA:92,3,1,2
BRDA:115,4,0,0
BRDA:115,4,1,2
BRDA:118,5,0,0
BRDA:118,5,1,2
BRDA:134,6,0,0
BRDA:134,6,1,2
BRDA:137,7,0,0
BRDA:137,7,1,2
BRDA:158,8,0,0
BRDA:158,8,1,2
BRDA:159,9,0,0
BRDA:159,9,1,0
BRDA:167,10,0,0
BRDA:167,10,1,0
BRDA:170,11,0,0
BRDA:170,11,1,0
BRDA:177,12,0,0
BRDA:177,12,1,2
BRDA:180,13,0,0
BRDA:180,13,1,2
BRDA:200,14,0,2
BRDA:200,14,1,4
BRDA:205,15,0,0
BRDA:205,15,1,4
BRDA:214,16,0,0
BRDA:214,16,1,6
BRF:32
BRH:14
end_of_record
TN:
SF:D:\workspace\NftAutionMarket\contracts\test\PetNFT.sol
FN:10,constructor
FN:12,mintNFT
FNF:2
FNH:2
FNDA:2,constructor
FNDA:20,mintNFT
DA:13,20
DA:14,20
DA:15,20
DA:16,20
LF:4
LH:4
BRF:0
BRH:0
end_of_record
